<?xml version="1.0" encoding="UTF-8"?>
<!-- Generated by org.testng.reporters.JUnitXMLReporter -->
<testsuite hostname="Swapanpreets-MacBook-Pro.local" name="Test" tests="3" failures="0" timestamp="21 Mar 2017 10:28:57 GMT" time="3.866" errors="0">
  <testcase name="EnterSearchData" time="0.009" classname="com.googlesearch.MavenGoogleSearch1.GoogleSearch"/>
  <testcase name="EnterSearchData" time="0.001" classname="com.googlesearch.MavenGoogleSearch1.GoogleSearch"/>
  <testcase name="OpenBrowser" time="3.84" classname="com.googlesearch.MavenGoogleSearch1.GoogleSearch"/>
</testsuite> <!-- Test -->
