<?xml version="1.0" encoding="UTF-8"?>
<testng-results skipped="0" failed="0" total="1" passed="1">
  <reporter-output>
  </reporter-output>
  <suite name="Suite" duration-ms="2667" started-at="2017-03-22T15:02:43Z" finished-at="2017-03-22T15:02:46Z">
    <groups>
    </groups>
    <test name="DataFactory" duration-ms="2667" started-at="2017-03-22T15:02:43Z" finished-at="2017-03-22T15:02:46Z">
      <class name="com.googlesearch.MavenGoogleSearch1.GoogleSearch">
        <test-method status="PASS" signature="OpenBrowser(java.lang.String, java.lang.String)[pri:0, instance:com.googlesearch.MavenGoogleSearch1.GoogleSearch@675d3402]" name="OpenBrowser" duration-ms="2655" started-at="2017-03-22T20:32:43Z" finished-at="2017-03-22T20:32:46Z">
          <params>
            <param index="0">
              <value>
                <![CDATA[https://www.google.co.in]]>
              </value>
            </param>
            <param index="1">
              <value>
                <![CDATA[Swapanpreet]]>
              </value>
            </param>
          </params>
          <reporter-output>
          </reporter-output>
        </test-method> <!-- OpenBrowser -->
      </class> <!-- com.googlesearch.MavenGoogleSearch1.GoogleSearch -->
    </test> <!-- DataFactory -->
  </suite> <!-- Suite -->
</testng-results>
