<?xml version="1.0" encoding="UTF-8"?>
<testng-results skipped="0" failed="0" total="1" passed="1">
  <reporter-output>
  </reporter-output>
  <suite name="Default suite" duration-ms="3501" started-at="2017-03-23T08:00:03Z" finished-at="2017-03-23T08:00:06Z">
    <groups>
    </groups>
    <test name="Default test" duration-ms="3501" started-at="2017-03-23T08:00:03Z" finished-at="2017-03-23T08:00:06Z">
      <class name="com.googlesearch.MavenGoogleSearch1.GoogleSearch">
        <test-method status="PASS" signature="searchName()[pri:0, instance:com.googlesearch.MavenGoogleSearch1.GoogleSearch@7823a2f9]" name="searchName" duration-ms="3490" started-at="2017-03-23T13:30:03Z" finished-at="2017-03-23T13:30:06Z">
          <reporter-output>
          </reporter-output>
        </test-method> <!-- searchName -->
      </class> <!-- com.googlesearch.MavenGoogleSearch1.GoogleSearch -->
    </test> <!-- Default test -->
  </suite> <!-- Default suite -->
</testng-results>
